#
# A fatal error has been detected by the Java Runtime Environment:
#
#  EXCEPTION_ACCESS_VIOLATION (0xc0000005) at pc=0x00007ffb6437e180, pid=15656, tid=8672
#
# JRE version: OpenJDK Runtime Environment Temurin-17.0.9+9 (17.0.9+9) (build 17.0.9+9)
# Java VM: OpenJDK 64-Bit Server VM Temurin-17.0.9+9 (17.0.9+9, mixed mode, tiered, compressed oops, compressed class ptrs, parallel gc, windows-amd64)
# Problematic frame:
# V  [jvm.dll+0x6ae180]
#
# No core dump will be written. Minidumps are not enabled by default on client versions of Windows
#
# If you would like to submit a bug report, please visit:
#   https://github.com/adoptium/adoptium-support/issues
#

---------------  S U M M A R Y ------------

Command Line: --add-modules=ALL-SYSTEM --add-opens=java.base/java.util=ALL-UNNAMED --add-opens=java.base/java.lang=ALL-UNNAMED --add-opens=java.base/sun.nio.fs=ALL-UNNAMED -Declipse.application=org.eclipse.jdt.ls.core.id1 -Dosgi.bundles.defaultStartLevel=4 -Declipse.product=org.eclipse.jdt.ls.core.product -Djava.import.generatesMetadataFilesAtProjectRoot=false -DDetectVMInstallationsJob.disabled=true -Dfile.encoding=utf8 -XX:+UseParallelGC -XX:GCTimeRatio=4 -XX:AdaptiveSizePolicyWeight=90 -Dsun.zip.disableMemoryMapping=true -Xmx1G -Xms100m -Xlog:disable -javaagent:c:\Users\longnh247\.vscode\extensions\redhat.java-1.25.1-win32-x64\lombok\lombok-1.18.30.jar -XX:+HeapDumpOnOutOfMemoryError -XX:HeapDumpPath=c:\Users\longnh247\AppData\Roaming\Code\User\workspaceStorage\15c84ef77ac8be54cde321d28f09492f\redhat.java -Daether.dependencyCollector.impl=bf c:\Users\longnh247\.vscode\extensions\redhat.java-1.25.1-win32-x64\server\plugins\org.eclipse.equinox.launcher_1.6.600.v20231106-1826.jar -configuration c:\Users\longnh247\AppData\Roaming\Code\User\globalStorage\redhat.java\1.25.1\config_win -data c:\Users\longnh247\AppData\Roaming\Code\User\workspaceStorage\15c84ef77ac8be54cde321d28f09492f\redhat.java\jdt_ws --stdio

Host: Intel(R) Core(TM) i5-4210U CPU @ 1.70GHz, 4 cores, 7G,  Windows 10 , 64 bit Build 19041 (10.0.19041.3636)
Time: Sun Dec 10 20:57:27 2023 SE Asia Standard Time elapsed time: 30345.093378 seconds (0d 8h 25m 45s)

---------------  T H R E A D  ---------------

Current thread (0x000001cce4874900):  GCTaskThread "GC Thread#1" [stack: 0x000000a4e5b00000,0x000000a4e5c00000] [id=8672]

Stack: [0x000000a4e5b00000,0x000000a4e5c00000],  sp=0x000000a4e5bff9f0,  free space=1022k
Native frames: (J=compiled Java code, j=interpreted, Vv=VM code, C=native code)
V  [jvm.dll+0x6ae180]
V  [jvm.dll+0x6aea0e]
V  [jvm.dll+0x6b02c4]
V  [jvm.dll+0x6b8a01]
V  [jvm.dll+0x6b991a]
V  [jvm.dll+0x861e7b]
V  [jvm.dll+0x861ec6]
V  [jvm.dll+0x7e3c3a]
V  [jvm.dll+0x67be35]
C  [ucrtbase.dll+0x21bb2]
C  [KERNEL32.DLL+0x17344]
C  [ntdll.dll+0x526b1]


siginfo: EXCEPTION_ACCESS_VIOLATION (0xc0000005), reading address 0xffffffffffffffff


Registers:
RAX=0x1ffffffff9833e17, RBX=0x000000008c19f6b8, RCX=0x0000000000000017, RDX=0x00000000c5ec3340
RSP=0x000000a4e5bff9f0, RBP=0x000000a4e5bffab0, RSI=0x00000000c5ec3350, RDI=0x000001cccafcd230
R8 =0x000001ccdcbb0000, R9 =0x007fffffffe60cfb, R10=0x0000000000000197, R11=0x0000000000000003
R12=0x000000a4e4dfeb68, R13=0x0000000000000010, R14=0x0000000100378cc0, R15=0x00000000c5ec3330
RIP=0x00007ffb6437e180, EFLAGS=0x0000000000010202


Register to memory mapping:

RIP=0x00007ffb6437e180 jvm.dll
RAX=0x1ffffffff9833e17 is an unknown value
RBX=0x000000008c19f6b8 is an unknown value
RCX=0x0000000000000017 is an unknown value
RDX=0x00000000c5ec3340 is pointing into object: org.eclipse.jdt.internal.core.ClassFile 
{0x00000000c5ec3330} - klass: 'org/eclipse/jdt/internal/core/ClassFile'
 - ---- fields (total size 4 words):
 - private 'parent' 'Lorg/eclipse/jdt/internal/core/JavaElement;' @12  a 'org/eclipse/jdt/internal/core/JarPackageFragment'{0x00000000c5080d28} (c5080d28)
 - private 'project' 'Lorg/eclipse/jdt/internal/core/JavaProject;' @16  
[error occurred during error reporting (printing register info), id 0xc0000005, EXCEPTION_ACCESS_VIOLATION (0xc0000005) at pc=0x00007ffb6406487e]

Top of Stack: (sp=0x000000a4e5bff9f0)
0x000000a4e5bff9f0:   00000000c5088f50 00000000c3fdb7fc
0x000000a4e5bffa00:   00000000c0a3f1c0 00007ffb6437f43f
0x000000a4e5bffa10:   0000000100378cb8 00007ffb6437ea0e
0x000000a4e5bffa20:   00000000c5ec3340 00007ffb6437ff7e
0x000000a4e5bffa30:   00000000c5ebc7f0 00000000c5ebc7e8
0x000000a4e5bffa40:   0000000000000000 00007ffb647fc790
0x000000a4e5bffa50:   00000000000186a5 00007ffb643802c4
0x000000a4e5bffa60:   00007ffb64681018 000001cccafcd230
0x000000a4e5bffa70:   00007ffb645ebb90 0000000000018659
0x000000a4e5bffa80:   0000000000000000 00007ffb00000000
0x000000a4e5bffa90:   000001cccafcd230 00007ffb6437e1a1
0x000000a4e5bffaa0:   00000000c4c54b48 00007ffb6437e120
0x000000a4e5bffab0:   00007ffb64681018 000001cccaf19e80
0x000000a4e5bffac0:   0000000100000003 000001cccafcd230
0x000000a4e5bffad0:   0000000000000000 0000000000000000
0x000000a4e5bffae0:   0000000000000000 00000000c20138a8
0x000000a4e5bffaf0:   00007ffb647fc790 000000000000000c
0x000000a4e5bffb00:   000001cccafcd230 00007ffb64388a01
0x000000a4e5bffb10:   000000000000000c 00007ffb64681018
0x000000a4e5bffb20:   000001cccafcd230 00007ffb64681018
0x000000a4e5bffb30:   00000000c200f898 00007ffb00000800
0x000000a4e5bffb40:   00007ffb64681018 000001cccaf19e80
0x000000a4e5bffb50:   0000000000000003 000001cccafcd230
0x000000a4e5bffb60:   0000000000000020 000001ccded50b00
0x000000a4e5bffb70:   000000a4e4dfeb28 000000a4e4dfea20
0x000000a4e5bffb80:   0000000000000000 00007ffb6438991a
0x000000a4e5bffb90:   0000000000000005 000000a4e5bffc10
0x000000a4e5bffba0:   00000000c0a56880 0000000000000001
0x000000a4e5bffbb0:   000000a4e4dfedc0 000001cce42bdbf0
0x000000a4e5bffbc0:   0000000000000002 000001cccafcd230
0x000000a4e5bffbd0:   00007ffb64681808 000001cccafcd230
0x000000a4e5bffbe0:   00007ffb64681a10 0000000000000000 

Instructions: (pc=0x00007ffb6437e180)
0x00007ffb6437e080:   e6 47 00 49 3b c2 74 03 48 ff e0 c3 cc cc cc cc
0x00007ffb6437e090:   80 3d 4c 52 4d 00 00 4c 8d 15 22 be 95 ff 49 8b
0x00007ffb6437e0a0:   c2 4c 8d 0d 18 be 95 ff 49 0f 45 c1 48 89 05 fd
0x00007ffb6437e0b0:   e6 47 00 49 3b c2 74 03 48 ff e0 c3 cc cc cc cc
0x00007ffb6437e0c0:   48 89 5c 24 08 57 48 83 ec 20 48 8b 1a 48 8b f9
0x00007ffb6437e0d0:   48 85 db 74 4b 4c 8b 05 04 ee 4e 00 48 8b c3 8b
0x00007ffb6437e0e0:   0d 53 a1 46 00 49 2b 00 4d 8b 40 10 48 c1 e8 03
0x00007ffb6437e0f0:   48 d3 e8 4c 8b c8 24 3f 49 c1 e9 06 0f b6 c8 4b
0x00007ffb6437e100:   8b 04 c8 48 0f a3 c8 72 17 48 8b cb e8 bf 27 00
0x00007ffb6437e110:   00 84 c0 74 0b 48 8b d3 48 8b cf e8 a0 28 00 00
0x00007ffb6437e120:   48 8b 5c 24 30 48 83 c4 20 5f c3 cc cc cc cc cc
0x00007ffb6437e130:   40 57 48 83 ec 20 8b 02 48 8b f9 85 c0 74 67 8b
0x00007ffb6437e140:   0d a3 91 46 00 4c 8b 05 94 ed 4e 00 48 89 5c 24
0x00007ffb6437e150:   30 8b d8 48 d3 e3 48 03 1d 83 91 46 00 8b 0d d5
0x00007ffb6437e160:   a0 46 00 48 8b c3 49 2b 00 4d 8b 40 10 48 c1 e8
0x00007ffb6437e170:   03 48 d3 e8 4c 8b c8 24 3f 49 c1 e9 06 0f b6 c8
0x00007ffb6437e180:   4b 8b 04 c8 48 0f a3 c8 72 17 48 8b cb e8 3e 27
0x00007ffb6437e190:   00 00 84 c0 74 0b 48 8b d3 48 8b cf e8 1f 28 00
0x00007ffb6437e1a0:   00 48 8b 5c 24 30 48 83 c4 20 5f c3 cc cc cc cc
0x00007ffb6437e1b0:   48 89 5c 24 20 56 57 41 55 41 56 41 57 48 83 ec
0x00007ffb6437e1c0:   20 4c 63 91 a0 00 00 00 4d 8b f0 4c 63 89 24 01
0x00007ffb6437e1d0:   00 00 49 83 c2 39 8b 81 20 01 00 00 4d 03 d1 48
0x00007ffb6437e1e0:   89 6c 24 58 49 03 c2 4c 89 64 24 60 4c 8b fa 4c
0x00007ffb6437e1f0:   8b e9 4a 8d 2c d5 00 00 00 00 4c 8d 24 c5 00 00
0x00007ffb6437e200:   00 00 48 03 e9 4c 03 e1 49 3b ec 73 4b 0f 1f 00
0x00007ffb6437e210:   48 63 5d 00 8b 45 04 49 03 df 48 8d 34 c3 48 3b
0x00007ffb6437e220:   de 73 2c 48 8b 3b 48 85 ff 74 1b 4d 8b 46 10 48
0x00007ffb6437e230:   8d 0d ba ee 4e 00 48 8b d7 e8 c2 4f 00 00 48 3b
0x00007ffb6437e240:   c7 74 03 48 89 03 48 83 c3 08 48 3b de 72 d4 48
0x00007ffb6437e250:   83 c5 08 49 3b ec 72 b8 49 8b 06 49 8b ce ff 50
0x00007ffb6437e260:   10 4c 8b 64 24 60 48 8b 6c 24 58 85 c0 0f 84 dc
0x00007ffb6437e270:   00 00 00 83 e8 01 0f 84 9b 00 00 00 83 e8 01 74 


Stack slot to memory mapping:
stack at sp + 0 slots: 0x00000000c5088f50 is an oop: [B 
{0x00000000c5088f50} - klass: {type array byte}
 - length: 22
stack at sp + 1 slots: 0x00000000c3fdb7fc is pointing into object: java.lang.Class 
{0x00000000c3fdb790} - klass: 'java/lang/Class'
 - ---- fields (total size 15 words):
 - private volatile transient 'classRedefinedCount' 'I' @12  0
 - private volatile transient 'cachedConstructor' 'Ljava/lang/reflect/Constructor;' @40  NULL (0)
 - private transient 'name' 'Ljava/lang/String;' @44  NULL (0)
 - private transient 'module' 'Ljava/lang/Module;' @48  a 'java/lang/Module'{0x00000000c05eff40} (c05eff40)
 - private final 'classLoader' 'Ljava/lang/ClassLoader;' @52  NULL (0)
 - private transient 'classData' 'Ljava/lang/Object;' @56  a 'java/util/ImmutableCollections$List12'{0x00000000c3fdca20} (c3fdca20)
 - private transient 'packageName' 'Ljava/lang/String;' @60  NULL (0)
 - private final 'componentType' 'Ljava/lang/Class;' @64  NULL (0)
 - private volatile transient 'reflectionData' 'Ljava/lang/ref/SoftReference;' @68  NULL (0)
 - private volatile transient 'genericInfo' 'Lsun/reflect/generics/repository/ClassRepository;' @72  NULL (0)
 - private volatile transient 'enumConstants' '[Ljava/lang/Object;' @76  NULL (0)
 - private volatile transient 'enumConstantDirectory' 'Ljava/util/Map;' @80  NULL (0)
 - private volatile transient 'annotationData' 'Ljava/lang/Class$AnnotationData;' @84  NULL (0)
 - private volatile transient 'annotationType' 'Lsun/reflect/annotation/AnnotationType;' @88  NULL (0)
 - transient 'classValueMap' 'Ljava/lang/ClassValue$ClassValueMap;' @92  NULL (0)
 - signature: Ljava/lang/invoke/LambdaForm$DMH+0x0000000100799000;
 - fake entry for mirror: 'java/lang/invoke/LambdaForm$DMH+0x0000000100799000'
 - fake entry for array: NULL
 - fake entry for oop_size: 15
 - fake entry for static_oop_field_count: 1
 - static final '_D_0' 'Ljava/lang/invoke/LambdaForm;' @112  a 'java/lang/invoke/LambdaForm'{0x00000000c3fdc7f8} => a 'java/lang/invoke/MemberName'{0x00000000c3fdc9a0} = {method} {0x000001cce2e982d0} 'invokeStatic' '(Ljava/lang/Object;)I' in 'java/lang/invoke/LambdaForm$DMH+0x0000000100799000' (c3fdc7f8)
stack at sp + 2 slots: 0x00000000c0a3f1c0 is an oop: java.lang.ref.SoftReference 
{0x00000000c0a3f1c0} - klass: 'java/lang/ref/SoftReference'
 - ---- fields (total size 5 words):
 - private 'referent' 'Ljava/lang/Object;' @12  NULL (0)
 - volatile 'queue' 'Ljava/lang/ref/ReferenceQueue;' @16  a 'java/lang/ref/ReferenceQueue$Null'{0x00000000c06001a8} (c06001a8)
 - volatile 'next' 'Ljava/lang/ref/Reference;' @20  NULL (0)
 - private transient 'discovered' 'Ljava/lang/ref/Reference;' @24  NULL (0)
 - private 'timestamp' 'J' @32  512776555 (1e90596b 0)
stack at sp + 3 slots: 0x00007ffb6437f43f jvm.dll
stack at sp + 4 slots: 0x0000000100378cb8 is pointing into metadata
stack at sp + 5 slots: 0x00007ffb6437ea0e jvm.dll
stack at sp + 6 slots: 0x00000000c5ec3340 is pointing into object: org.eclipse.jdt.internal.core.ClassFile 
{0x00000000c5ec3330} - klass: 'org/eclipse/jdt/internal/core/ClassFile'
 - ---- fields (total size 4 words):
 - private 'parent' 'Lorg/eclipse/jdt/internal/core/JavaElement;' @12  a 'org/eclipse/jdt/internal/core/JarPackageFragment'{0x00000000c5080d28} (c5080d28)
 - private 'project' 'Lorg/eclipse/jdt/internal/core/JavaProject;' @16  
[error occurred during error reporting (inspecting top of stack), id 0xc0000005, EXCEPTION_ACCESS_VIOLATION (0xc0000005) at pc=0x00007ffb6406487e]


---------------  P R O C E S S  ---------------

Threads class SMR info:
_java_thread_list=0x000001cce80298e0, length=33, elements={
0x000001cccaf0d8b0, 0x000001ccded4a740, 0x000001ccded4b840, 0x000001ccded71270,
0x000001ccded747b0, 0x000001ccded78040, 0x000001ccded77620, 0x000001ccded82990,
0x000001ccded84b60, 0x000001ccdeda20f0, 0x000001ccded766f0, 0x000001ccded78550,
0x000001ccded78a60, 0x000001ccded77110, 0x000001ccded77b30, 0x000001cce4eb1f30,
0x000001cce4eb2440, 0x000001cce4eb1000, 0x000001cce4eb2950, 0x000001cce4eafbc0,
0x000001cce4eb47b0, 0x000001cce4eb1510, 0x000001cce4eaf1a0, 0x000001cce4eb1a20,
0x000001cce689f730, 0x000001cce689f220, 0x000001cce689fc40, 0x000001cce68a1080,
0x000001cce689dde0, 0x000001cce68a0660, 0x000001cce7ea1820, 0x000001cce4eb05e0,
0x000001cce7e9ea90
}

Java Threads: ( => current thread )
  0x000001cccaf0d8b0 JavaThread "main" [_thread_blocked, id=11212, stack(0x000000a4e4b00000,0x000000a4e4c00000)]
  0x000001ccded4a740 JavaThread "Reference Handler" daemon [_thread_blocked, id=9784, stack(0x000000a4e4e00000,0x000000a4e4f00000)]
  0x000001ccded4b840 JavaThread "Finalizer" daemon [_thread_blocked, id=11716, stack(0x000000a4e4f00000,0x000000a4e5000000)]
  0x000001ccded71270 JavaThread "Signal Dispatcher" daemon [_thread_blocked, id=9684, stack(0x000000a4e5000000,0x000000a4e5100000)]
  0x000001ccded747b0 JavaThread "Attach Listener" daemon [_thread_blocked, id=5416, stack(0x000000a4e5100000,0x000000a4e5200000)]
  0x000001ccded78040 JavaThread "Service Thread" daemon [_thread_blocked, id=5612, stack(0x000000a4e5200000,0x000000a4e5300000)]
  0x000001ccded77620 JavaThread "Monitor Deflation Thread" daemon [_thread_blocked, id=4284, stack(0x000000a4e5300000,0x000000a4e5400000)]
  0x000001ccded82990 JavaThread "C2 CompilerThread0" daemon [_thread_blocked, id=8292, stack(0x000000a4e5400000,0x000000a4e5500000)]
  0x000001ccded84b60 JavaThread "C1 CompilerThread0" daemon [_thread_blocked, id=3084, stack(0x000000a4e5500000,0x000000a4e5600000)]
  0x000001ccdeda20f0 JavaThread "Sweeper thread" daemon [_thread_blocked, id=11760, stack(0x000000a4e5600000,0x000000a4e5700000)]
  0x000001ccded766f0 JavaThread "Common-Cleaner" daemon [_thread_blocked, id=15872, stack(0x000000a4e5700000,0x000000a4e5800000)]
  0x000001ccded78550 JavaThread "Notification Thread" daemon [_thread_blocked, id=8052, stack(0x000000a4e5800000,0x000000a4e5900000)]
  0x000001ccded78a60 JavaThread "Active Thread: Equinox Container: 8ee45847-ca8e-45fb-9702-4552d8600ea2" [_thread_blocked, id=10388, stack(0x000000a4e6200000,0x000000a4e6300000)]
  0x000001ccded77110 JavaThread "Framework Event Dispatcher: Equinox Container: 8ee45847-ca8e-45fb-9702-4552d8600ea2" daemon [_thread_blocked, id=10768, stack(0x000000a4e5a00000,0x000000a4e5b00000)]
  0x000001ccded77b30 JavaThread "Start Level: Equinox Container: 8ee45847-ca8e-45fb-9702-4552d8600ea2" daemon [_thread_blocked, id=10804, stack(0x000000a4e6300000,0x000000a4e6400000)]
  0x000001cce4eb1f30 JavaThread "Refresh Thread: Equinox Container: 8ee45847-ca8e-45fb-9702-4552d8600ea2" daemon [_thread_blocked, id=1560, stack(0x000000a4e6500000,0x000000a4e6600000)]
  0x000001cce4eb2440 JavaThread "Bundle File Closer" daemon [_thread_blocked, id=15492, stack(0x000000a4e6400000,0x000000a4e6500000)]
  0x000001cce4eb1000 JavaThread "SCR Component Actor" daemon [_thread_blocked, id=9768, stack(0x000000a4e5e00000,0x000000a4e5f00000)]
  0x000001cce4eb2950 JavaThread "Worker-JM" [_thread_blocked, id=1968, stack(0x000000a4e6100000,0x000000a4e6200000)]
  0x000001cce4eafbc0 JavaThread "Java indexing" daemon [_thread_blocked, id=5260, stack(0x000000a4e6900000,0x000000a4e6a00000)]
  0x000001cce4eb47b0 JavaThread "JNA Cleaner" daemon [_thread_blocked, id=8840, stack(0x000000a4e6b00000,0x000000a4e6c00000)]
  0x000001cce4eb1510 JavaThread "pool-2-thread-1" [_thread_blocked, id=13144, stack(0x000000a4e6e00000,0x000000a4e6f00000)]
  0x000001cce4eaf1a0 JavaThread "WorkspaceEventsHandler" [_thread_blocked, id=8932, stack(0x000000a4e6f00000,0x000000a4e7000000)]
  0x000001cce4eb1a20 JavaThread "pool-1-thread-1" [_thread_in_native, id=13724, stack(0x000000a4e7000000,0x000000a4e7100000)]
  0x000001cce689f730 JavaThread "Java Debug Server" daemon [_thread_in_native, id=7588, stack(0x000000a4e4900000,0x000000a4e4a00000)]
  0x000001cce689f220 JavaThread "pool-10-thread-1" [_thread_in_native, id=2440, stack(0x000000a4e4a00000,0x000000a4e4b00000)]
  0x000001cce689fc40 JavaThread "RxSchedulerPurge-1" daemon [_thread_blocked, id=13716, stack(0x000000a4e6000000,0x000000a4e6100000)]
  0x000001cce68a1080 JavaThread "RxCachedWorkerPoolEvictor-1" daemon [_thread_blocked, id=6256, stack(0x000000a4e6c00000,0x000000a4e6d00000)]
  0x000001cce689dde0 JavaThread "RxNewThreadScheduler-1" daemon [_thread_blocked, id=11024, stack(0x000000a4e6d00000,0x000000a4e6e00000)]
  0x000001cce68a0660 JavaThread "process reaper (pid 10692)" daemon [_thread_in_native, id=4564, stack(0x000000a4e45d0000,0x000000a4e45f0000)]
  0x000001cce7ea1820 JavaThread "Worker-86" [_thread_blocked, id=3468, stack(0x000000a4e4800000,0x000000a4e4900000)]
  0x000001cce4eb05e0 JavaThread "Worker-89: Building" [_thread_blocked, id=7296, stack(0x000000a4e6600000,0x000000a4e6700000)]
  0x000001cce7e9ea90 JavaThread "Worker-91" [_thread_blocked, id=2992, stack(0x000000a4e5f00000,0x000000a4e6000000)]

Other Threads:
  0x000001cccaf941e0 VMThread "VM Thread" [stack: 0x000000a4e4d00000,0x000000a4e4e00000] [id=3444]
  0x000001cce4242950 WatcherThread [stack: 0x000000a4e5900000,0x000000a4e5a00000] [id=6084]
  0x000001cccaf24350 GCTaskThread "GC Thread#0" [stack: 0x000000a4e4c00000,0x000000a4e4d00000] [id=7496]
=>0x000001cce4874900 GCTaskThread "GC Thread#1" [stack: 0x000000a4e5b00000,0x000000a4e5c00000] [id=8672]
  0x000001cce4877130 GCTaskThread "GC Thread#2" [stack: 0x000000a4e5c00000,0x000000a4e5d00000] [id=16216]
  0x000001cce48773f0 GCTaskThread "GC Thread#3" [stack: 0x000000a4e5d00000,0x000000a4e5e00000] [id=10384]

Threads with active compile tasks:

VM state: at safepoint (normal execution)

VM Mutex/Monitor currently owned by a thread:  ([mutex/lock_event])
[0x000001cccaf09c10] Threads_lock - owner thread: 0x000001cccaf941e0
[0x000001cccaf0a090] Heap_lock - owner thread: 0x000001cce4eafbc0

Heap address: 0x00000000c0000000, size: 1024 MB, Compressed Oops mode: 32-bit

CDS archive(s) not mapped
Compressed class space mapped at: 0x0000000100000000-0x0000000140000000, reserved size: 1073741824
Narrow klass base: 0x0000000000000000, Narrow klass shift: 3, Narrow klass range: 0x140000000

GC Precious Log:
 CPUs: 4 total, 4 available
 Memory: 8075M
 Large Page Support: Disabled
 NUMA Support: Disabled
 Compressed Oops: Enabled (32-bit)
 Alignments: Space 512K, Generation 512K, Heap 2M
 Heap Min Capacity: 100M
 Heap Initial Capacity: 100M
 Heap Max Capacity: 1G
 Pre-touch: Disabled
 Parallel Workers: 4

Heap:
 PSYoungGen      total 2560K, used 864K [0x00000000eab00000, 0x00000000eaf00000, 0x0000000100000000)
  eden space 1536K, 0% used [0x00000000eab00000,0x00000000eab00000,0x00000000eac80000)
  from space 1024K, 84% used [0x00000000eae00000,0x00000000eaed8000,0x00000000eaf00000)
  to   space 1024K, 0% used [0x00000000ead00000,0x00000000ead00000,0x00000000eae00000)
 ParOldGen       total 259584K, used 259551K [0x00000000c0000000, 0x00000000cfd80000, 0x00000000eab00000)
  object space 259584K, 99% used [0x00000000c0000000,0x00000000cfd77ce8,0x00000000cfd80000)
 Metaspace       used 101198K, committed 102656K, reserved 1179648K
  class space    used 9572K, committed 10240K, reserved 1048576K

Card table byte_map: [0x000001ccca8e0000,0x000001cccaaf0000] _byte_map_base: 0x000001ccca2e0000

Marking Bits: (ParMarkBitMap*) 0x00007ffb6486d0b0
 Begin Bits: [0x000001ccdcbb0000, 0x000001ccddbb0000)
 End Bits:   [0x000001ccddbb0000, 0x000001ccdebb0000)

Polling page: 0x000001ccca6d0000

Metaspace:

Usage:
  Non-class:     89.48 MB used.
      Class:      9.35 MB used.
       Both:     98.83 MB used.

Virtual space:
  Non-class space:      128.00 MB reserved,      90.25 MB ( 71%) committed,  2 nodes.
      Class space:        1.00 GB reserved,      10.00 MB ( <1%) committed,  1 nodes.
             Both:        1.12 GB reserved,     100.25 MB (  9%) committed. 

Chunk freelists:
   Non-Class:  5.78 MB
       Class:  5.88 MB
        Both:  11.66 MB

MaxMetaspaceSize: unlimited
CompressedClassSpaceSize: 1.00 GB
Initial GC threshold: 21.00 MB
Current GC threshold: 167.00 MB
CDS: off
MetaspaceReclaimPolicy: balanced
 - commit_granule_bytes: 65536.
 - commit_granule_words: 8192.
 - virtual_space_node_default_size: 8388608.
 - enlarge_chunks_in_place: 1.
 - new_chunks_are_fully_committed: 0.
 - uncommit_free_chunks: 1.
 - use_allocation_guard: 0.
 - handle_deallocations: 1.


Internal statistics:

num_allocs_failed_limit: 9.
num_arena_births: 2038.
num_arena_deaths: 996.
num_vsnodes_births: 3.
num_vsnodes_deaths: 0.
num_space_committed: 1608.
num_space_uncommitted: 4.
num_chunks_returned_to_freelist: 1328.
num_chunks_taken_from_freelist: 7392.
num_chunk_merges: 439.
num_chunk_splits: 3984.
num_chunks_enlarged: 1979.
num_inconsistent_stats: 0.

CodeHeap 'non-profiled nmethods': size=120000Kb used=40406Kb max_used=41019Kb free=79593Kb
 bounds [0x000001ccd5680000, 0x000001ccd7ec0000, 0x000001ccdcbb0000]
CodeHeap 'profiled nmethods': size=120000Kb used=48188Kb max_used=48188Kb free=71811Kb
 bounds [0x000001cccdbb0000, 0x000001ccd0b00000, 0x000001ccd50e0000]
CodeHeap 'non-nmethods': size=5760Kb used=1424Kb max_used=1506Kb free=4336Kb
 bounds [0x000001ccd50e0000, 0x000001ccd5350000, 0x000001ccd5680000]
 total_blobs=25558 nmethods=24784 adapters=682
 compilation: enabled
              stopped_count=0, restarted_count=0
 full_count=0

Compilation events (20 events):
Event: 30344.016 Thread 0x000001ccded82990 38841       4       org.eclipse.jdt.internal.compiler.lookup.Scope::parameterCompatibilityLevel (472 bytes)
Event: 30344.044 Thread 0x000001ccded82990 nmethod 38841 0x000001ccd79e3f10 code [0x000001ccd79e4140, 0x000001ccd79e4c00]
Event: 30344.044 Thread 0x000001ccded82990 38842       4       org.eclipse.jdt.internal.compiler.lookup.Scope::getTypeOrPackage (343 bytes)
Event: 30344.098 Thread 0x000001ccded84b60 38843       3       org.eclipse.jdt.internal.compiler.lookup.CompilationUnitScope::storeDependencyInfo (348 bytes)
Event: 30344.100 Thread 0x000001ccded84b60 nmethod 38843 0x000001ccd0a11110 code [0x000001ccd0a114e0, 0x000001ccd0a13508]
Event: 30344.224 Thread 0x000001ccded84b60 38844       3       org.eclipse.jdt.internal.compiler.ast.Block::analyseCode (210 bytes)
Event: 30344.226 Thread 0x000001ccded84b60 nmethod 38844 0x000001ccd06f5490 code [0x000001ccd06f5740, 0x000001ccd06f6938]
Event: 30344.282 Thread 0x000001ccded84b60 38845       3       org.eclipse.jdt.internal.compiler.lookup.TypeBinding::genericCast (30 bytes)
Event: 30344.282 Thread 0x000001ccded84b60 nmethod 38845 0x000001cccf277b10 code [0x000001cccf277d00, 0x000001cccf278178]
Event: 30344.295 Thread 0x000001ccded84b60 38847       3       org.eclipse.jdt.internal.compiler.ast.TypeReference::containsNullAnnotation (39 bytes)
Event: 30344.295 Thread 0x000001ccded84b60 nmethod 38847 0x000001cccf521d10 code [0x000001cccf521ee0, 0x000001cccf5225f8]
Event: 30344.412 Thread 0x000001ccded82990 nmethod 38842 0x000001ccd79dac10 code [0x000001ccd79db1e0, 0x000001ccd79df3c8]
Event: 30344.413 Thread 0x000001ccded82990 38846       4       org.eclipse.jdt.internal.compiler.lookup.MethodBinding::areParameterErasuresEqual (88 bytes)
Event: 30344.418 Thread 0x000001ccded82990 nmethod 38846 0x000001ccd75f2990 code [0x000001ccd75f2b20, 0x000001ccd75f2d58]
Event: 30344.448 Thread 0x000001ccded84b60 38848       3       org.eclipse.jdt.internal.compiler.ast.Statement::getExpressionContext (4 bytes)
Event: 30344.448 Thread 0x000001ccded84b60 nmethod 38848 0x000001cccf03b490 code [0x000001cccf03b620, 0x000001cccf03b738]
Event: 30344.448 Thread 0x000001ccded84b60 38849       3       org.eclipse.jdt.internal.compiler.ast.MessageSend::registerInferenceContext (29 bytes)
Event: 30344.449 Thread 0x000001ccded84b60 nmethod 38849 0x000001cccf96ba10 code [0x000001cccf96bbc0, 0x000001cccf96be78]
Event: 30344.483 Thread 0x000001ccded84b60 38850       3       org.eclipse.jdt.internal.compiler.lookup.ParameterizedTypeBinding::getExactMethod (362 bytes)
Event: 30344.485 Thread 0x000001ccded84b60 nmethod 38850 0x000001ccd031ec10 code [0x000001ccd031ef20, 0x000001ccd0320348]

GC Heap History (20 events):
Event: 30344.732 GC heap after
{Heap after GC invocations=32897 (full 622):
 PSYoungGen      total 5120K, used 2464K [0x00000000eab00000, 0x00000000eb580000, 0x0000000100000000)
  eden space 2560K, 0% used [0x00000000eab00000,0x00000000eab00000,0x00000000ead80000)
  from space 2560K, 96% used [0x00000000ead80000,0x00000000eafe8000,0x00000000eb000000)
  to   space 4096K, 0% used [0x00000000eb180000,0x00000000eb180000,0x00000000eb580000)
 ParOldGen       total 247808K, used 215103K [0x00000000c0000000, 0x00000000cf200000, 0x00000000eab00000)
  object space 247808K, 86% used [0x00000000c0000000,0x00000000cd20fcb8,0x00000000cf200000)
 Metaspace       used 101198K, committed 102656K, reserved 1179648K
  class space    used 9572K, committed 10240K, reserved 1048576K
}
Event: 30344.764 GC heap before
{Heap before GC invocations=32898 (full 622):
 PSYoungGen      total 5120K, used 5024K [0x00000000eab00000, 0x00000000eb580000, 0x0000000100000000)
  eden space 2560K, 100% used [0x00000000eab00000,0x00000000ead80000,0x00000000ead80000)
  from space 2560K, 96% used [0x00000000ead80000,0x00000000eafe8000,0x00000000eb000000)
  to   space 4096K, 0% used [0x00000000eb180000,0x00000000eb180000,0x00000000eb580000)
 ParOldGen       total 247808K, used 234303K [0x00000000c0000000, 0x00000000cf200000, 0x00000000eab00000)
  object space 247808K, 94% used [0x00000000c0000000,0x00000000ce4cfcd8,0x00000000cf200000)
 Metaspace       used 101198K, committed 102656K, reserved 1179648K
  class space    used 9572K, committed 10240K, reserved 1048576K
}
Event: 30344.770 GC heap after
{Heap after GC invocations=32898 (full 622):
 PSYoungGen      total 5120K, used 2352K [0x00000000eab00000, 0x00000000eb400000, 0x0000000100000000)
  eden space 2560K, 0% used [0x00000000eab00000,0x00000000eab00000,0x00000000ead80000)
  from space 2560K, 91% used [0x00000000eb180000,0x00000000eb3cc010,0x00000000eb400000)
  to   space 3072K, 0% used [0x00000000eae00000,0x00000000eae00000,0x00000000eb100000)
 ParOldGen       total 247808K, used 236735K [0x00000000c0000000, 0x00000000cf200000, 0x00000000eab00000)
  object space 247808K, 95% used [0x00000000c0000000,0x00000000ce72fcd8,0x00000000cf200000)
 Metaspace       used 101198K, committed 102656K, reserved 1179648K
  class space    used 9572K, committed 10240K, reserved 1048576K
}
Event: 30344.785 GC heap before
{Heap before GC invocations=32899 (full 622):
 PSYoungGen      total 5120K, used 4912K [0x00000000eab00000, 0x00000000eb400000, 0x0000000100000000)
  eden space 2560K, 100% used [0x00000000eab00000,0x00000000ead80000,0x00000000ead80000)
  from space 2560K, 91% used [0x00000000eb180000,0x00000000eb3cc010,0x00000000eb400000)
  to   space 3072K, 0% used [0x00000000eae00000,0x00000000eae00000,0x00000000eb100000)
 ParOldGen       total 259584K, used 248255K [0x00000000c0000000, 0x00000000cfd80000, 0x00000000eab00000)
  object space 259584K, 95% used [0x00000000c0000000,0x00000000cf26fce8,0x00000000cfd80000)
 Metaspace       used 101198K, committed 102656K, reserved 1179648K
  class space    used 9572K, committed 10240K, reserved 1048576K
}
Event: 30344.791 GC heap after
{Heap after GC invocations=32899 (full 622):
 PSYoungGen      total 5632K, used 2272K [0x00000000eab00000, 0x00000000eb300000, 0x0000000100000000)
  eden space 3072K, 0% used [0x00000000eab00000,0x00000000eab00000,0x00000000eae00000)
  from space 2560K, 88% used [0x00000000eae00000,0x00000000eb038000,0x00000000eb080000)
  to   space 2560K, 0% used [0x00000000eb080000,0x00000000eb080000,0x00000000eb300000)
 ParOldGen       total 259584K, used 250519K [0x00000000c0000000, 0x00000000cfd80000, 0x00000000eab00000)
  object space 259584K, 96% used [0x00000000c0000000,0x00000000cf4a5ce8,0x00000000cfd80000)
 Metaspace       used 101198K, committed 102656K, reserved 1179648K
  class space    used 9572K, committed 10240K, reserved 1048576K
}
Event: 30344.826 GC heap before
{Heap before GC invocations=32900 (full 622):
 PSYoungGen      total 5632K, used 5344K [0x00000000eab00000, 0x00000000eb300000, 0x0000000100000000)
  eden space 3072K, 100% used [0x00000000eab00000,0x00000000eae00000,0x00000000eae00000)
  from space 2560K, 88% used [0x00000000eae00000,0x00000000eb038000,0x00000000eb080000)
  to   space 2560K, 0% used [0x00000000eb080000,0x00000000eb080000,0x00000000eb300000)
 ParOldGen       total 259584K, used 250519K [0x00000000c0000000, 0x00000000cfd80000, 0x00000000eab00000)
  object space 259584K, 96% used [0x00000000c0000000,0x00000000cf4a5ce8,0x00000000cfd80000)
 Metaspace       used 101198K, committed 102656K, reserved 1179648K
  class space    used 9572K, committed 10240K, reserved 1048576K
}
Event: 30344.833 GC heap after
{Heap after GC invocations=32900 (full 622):
 PSYoungGen      total 3072K, used 2560K [0x00000000eab00000, 0x00000000eb900000, 0x0000000100000000)
  eden space 512K, 0% used [0x00000000eab00000,0x00000000eab00000,0x00000000eab80000)
  from space 2560K, 100% used [0x00000000eb080000,0x00000000eb300000,0x00000000eb300000)
  to   space 5120K, 0% used [0x00000000eab80000,0x00000000eab80000,0x00000000eb080000)
 ParOldGen       total 259584K, used 253039K [0x00000000c0000000, 0x00000000cfd80000, 0x00000000eab00000)
  object space 259584K, 97% used [0x00000000c0000000,0x00000000cf71bce8,0x00000000cfd80000)
 Metaspace       used 101198K, committed 102656K, reserved 1179648K
  class space    used 9572K, committed 10240K, reserved 1048576K
}
Event: 30344.837 GC heap before
{Heap before GC invocations=32901 (full 622):
 PSYoungGen      total 3072K, used 3071K [0x00000000eab00000, 0x00000000eb900000, 0x0000000100000000)
  eden space 512K, 99% used [0x00000000eab00000,0x00000000eab7fff0,0x00000000eab80000)
  from space 2560K, 100% used [0x00000000eb080000,0x00000000eb300000,0x00000000eb300000)
  to   space 5120K, 0% used [0x00000000eab80000,0x00000000eab80000,0x00000000eb080000)
 ParOldGen       total 259584K, used 253039K [0x00000000c0000000, 0x00000000cfd80000, 0x00000000eab00000)
  object space 259584K, 97% used [0x00000000c0000000,0x00000000cf71bce8,0x00000000cfd80000)
 Metaspace       used 101198K, committed 102656K, reserved 1179648K
  class space    used 9572K, committed 10240K, reserved 1048576K
}
Event: 30344.842 GC heap after
{Heap after GC invocations=32901 (full 622):
 PSYoungGen      total 1024K, used 512K [0x00000000eab00000, 0x00000000eb100000, 0x0000000100000000)
  eden space 512K, 0% used [0x00000000eab00000,0x00000000eab00000,0x00000000eab80000)
  from space 512K, 100% used [0x00000000eab80000,0x00000000eac00000,0x00000000eac00000)
  to   space 2560K, 0% used [0x00000000eae80000,0x00000000eae80000,0x00000000eb100000)
 ParOldGen       total 259584K, used 255639K [0x00000000c0000000, 0x00000000cfd80000, 0x00000000eab00000)
  object space 259584K, 98% used [0x00000000c0000000,0x00000000cf9a5ce8,0x00000000cfd80000)
 Metaspace       used 101198K, committed 102656K, reserved 1179648K
  class space    used 9572K, committed 10240K, reserved 1048576K
}
Event: 30344.845 GC heap before
{Heap before GC invocations=32902 (full 622):
 PSYoungGen      total 1024K, used 1023K [0x00000000eab00000, 0x00000000eb100000, 0x0000000100000000)
  eden space 512K, 99% used [0x00000000eab00000,0x00000000eab7ff88,0x00000000eab80000)
  from space 512K, 100% used [0x00000000eab80000,0x00000000eac00000,0x00000000eac00000)
  to   space 2560K, 0% used [0x00000000eae80000,0x00000000eae80000,0x00000000eb100000)
 ParOldGen       total 259584K, used 255639K [0x00000000c0000000, 0x00000000cfd80000, 0x00000000eab00000)
  object space 259584K, 98% used [0x00000000c0000000,0x00000000cf9a5ce8,0x00000000cfd80000)
 Metaspace       used 101198K, committed 102656K, reserved 1179648K
  class space    used 9572K, committed 10240K, reserved 1048576K
}
Event: 30344.848 GC heap after
{Heap after GC invocations=32902 (full 622):
 PSYoungGen      total 1536K, used 497K [0x00000000eab00000, 0x00000000eaf00000, 0x0000000100000000)
  eden space 1024K, 0% used [0x00000000eab00000,0x00000000eab00000,0x00000000eac00000)
  from space 512K, 97% used [0x00000000eae80000,0x00000000eaefc700,0x00000000eaf00000)
  to   space 1024K, 0% used [0x00000000ead00000,0x00000000ead00000,0x00000000eae00000)
 ParOldGen       total 259584K, used 256095K [0x00000000c0000000, 0x00000000cfd80000, 0x00000000eab00000)
  object space 259584K, 98% used [0x00000000c0000000,0x00000000cfa17ce8,0x00000000cfd80000)
 Metaspace       used 101198K, committed 102656K, reserved 1179648K
  class space    used 9572K, committed 10240K, reserved 1048576K
}
Event: 30344.859 GC heap before
{Heap before GC invocations=32903 (full 622):
 PSYoungGen      total 1536K, used 1521K [0x00000000eab00000, 0x00000000eaf00000, 0x0000000100000000)
  eden space 1024K, 99% used [0x00000000eab00000,0x00000000eabfffe8,0x00000000eac00000)
  from space 512K, 97% used [0x00000000eae80000,0x00000000eaefc700,0x00000000eaf00000)
  to   space 1024K, 0% used [0x00000000ead00000,0x00000000ead00000,0x00000000eae00000)
 ParOldGen       total 259584K, used 256095K [0x00000000c0000000, 0x00000000cfd80000, 0x00000000eab00000)
  object space 259584K, 98% used [0x00000000c0000000,0x00000000cfa17ce8,0x00000000cfd80000)
 Metaspace       used 101198K, committed 102656K, reserved 1179648K
  class space    used 9572K, committed 10240K, reserved 1048576K
}
Event: 30344.861 GC heap after
{Heap after GC invocations=32903 (full 622):
 PSYoungGen      total 2560K, used 780K [0x00000000eab00000, 0x00000000eaf00000, 0x0000000100000000)
  eden space 1536K, 0% used [0x00000000eab00000,0x00000000eab00000,0x00000000eac80000)
  from space 1024K, 76% used [0x00000000ead00000,0x00000000eadc3000,0x00000000eae00000)
  to   space 1024K, 0% used [0x00000000eae00000,0x00000000eae00000,0x00000000eaf00000)
 ParOldGen       total 259584K, used 256383K [0x00000000c0000000, 0x00000000cfd80000, 0x00000000eab00000)
  object space 259584K, 98% used [0x00000000c0000000,0x00000000cfa5fce8,0x00000000cfd80000)
 Metaspace       used 101198K, committed 102656K, reserved 1179648K
  class space    used 9572K, committed 10240K, reserved 1048576K
}
Event: 30344.880 GC heap before
{Heap before GC invocations=32904 (full 622):
 PSYoungGen      total 2560K, used 2316K [0x00000000eab00000, 0x00000000eaf00000, 0x0000000100000000)
  eden space 1536K, 100% used [0x00000000eab00000,0x00000000eac80000,0x00000000eac80000)
  from space 1024K, 76% used [0x00000000ead00000,0x00000000eadc3000,0x00000000eae00000)
  to   space 1024K, 0% used [0x00000000eae00000,0x00000000eae00000,0x00000000eaf00000)
 ParOldGen       total 259584K, used 256383K [0x00000000c0000000, 0x00000000cfd80000, 0x00000000eab00000)
  object space 259584K, 98% used [0x00000000c0000000,0x00000000cfa5fce8,0x00000000cfd80000)
 Metaspace       used 101198K, committed 102656K, reserved 1179648K
  class space    used 9572K, committed 10240K, reserved 1048576K
}
Event: 30344.885 GC heap after
{Heap after GC invocations=32904 (full 622):
 PSYoungGen      total 2048K, used 1016K [0x00000000eab00000, 0x00000000eb100000, 0x0000000100000000)
  eden space 1024K, 0% used [0x00000000eab00000,0x00000000eab00000,0x00000000eac00000)
  from space 1024K, 99% used [0x00000000eae00000,0x00000000eaefe000,0x00000000eaf00000)
  to   space 2048K, 0% used [0x00000000eac00000,0x00000000eac00000,0x00000000eae00000)
 ParOldGen       total 259584K, used 257111K [0x00000000c0000000, 0x00000000cfd80000, 0x00000000eab00000)
  object space 259584K, 99% used [0x00000000c0000000,0x00000000cfb15ce8,0x00000000cfd80000)
 Metaspace       used 101198K, committed 102656K, reserved 1179648K
  class space    used 9572K, committed 10240K, reserved 1048576K
}
Event: 30344.924 GC heap before
{Heap before GC invocations=32905 (full 622):
 PSYoungGen      total 2048K, used 2040K [0x00000000eab00000, 0x00000000eb100000, 0x0000000100000000)
  eden space 1024K, 100% used [0x00000000eab00000,0x00000000eac00000,0x00000000eac00000)
  from space 1024K, 99% used [0x00000000eae00000,0x00000000eaefe000,0x00000000eaf00000)
  to   space 2048K, 0% used [0x00000000eac00000,0x00000000eac00000,0x00000000eae00000)
 ParOldGen       total 259584K, used 258567K [0x00000000c0000000, 0x00000000cfd80000, 0x00000000eab00000)
  object space 259584K, 99% used [0x00000000c0000000,0x00000000cfc81ce8,0x00000000cfd80000)
 Metaspace       used 101198K, committed 102656K, reserved 1179648K
  class space    used 9572K, committed 10240K, reserved 1048576K
}
Event: 30344.929 GC heap after
{Heap after GC invocations=32905 (full 622):
 PSYoungGen      total 3072K, used 704K [0x00000000eab00000, 0x00000000eaf80000, 0x0000000100000000)
  eden space 1024K, 0% used [0x00000000eab00000,0x00000000eab00000,0x00000000eac00000)
  from space 2048K, 34% used [0x00000000eac00000,0x00000000eacb0000,0x00000000eae00000)
  to   space 1536K, 0% used [0x00000000eae00000,0x00000000eae00000,0x00000000eaf80000)
 ParOldGen       total 259584K, used 258871K [0x00000000c0000000, 0x00000000cfd80000, 0x00000000eab00000)
  object space 259584K, 99% used [0x00000000c0000000,0x00000000cfccdce8,0x00000000cfd80000)
 Metaspace       used 101198K, committed 102656K, reserved 1179648K
  class space    used 9572K, committed 10240K, reserved 1048576K
}
Event: 30344.956 GC heap before
{Heap before GC invocations=32906 (full 622):
 PSYoungGen      total 3072K, used 1728K [0x00000000eab00000, 0x00000000eaf80000, 0x0000000100000000)
  eden space 1024K, 100% used [0x00000000eab00000,0x00000000eac00000,0x00000000eac00000)
  from space 2048K, 34% used [0x00000000eac00000,0x00000000eacb0000,0x00000000eae00000)
  to   space 1536K, 0% used [0x00000000eae00000,0x00000000eae00000,0x00000000eaf80000)
 ParOldGen       total 259584K, used 258871K [0x00000000c0000000, 0x00000000cfd80000, 0x00000000eab00000)
  object space 259584K, 99% used [0x00000000c0000000,0x00000000cfccdce8,0x00000000cfd80000)
 Metaspace       used 101198K, committed 102656K, reserved 1179648K
  class space    used 9572K, committed 10240K, reserved 1048576K
}
Event: 30344.962 GC heap after
{Heap after GC invocations=32906 (full 622):
 PSYoungGen      total 2560K, used 864K [0x00000000eab00000, 0x00000000eaf00000, 0x0000000100000000)
  eden space 1536K, 0% used [0x00000000eab00000,0x00000000eab00000,0x00000000eac80000)
  from space 1024K, 84% used [0x00000000eae00000,0x00000000eaed8000,0x00000000eaf00000)
  to   space 1024K, 0% used [0x00000000ead00000,0x00000000ead00000,0x00000000eae00000)
 ParOldGen       total 259584K, used 259551K [0x00000000c0000000, 0x00000000cfd80000, 0x00000000eab00000)
  object space 259584K, 99% used [0x00000000c0000000,0x00000000cfd77ce8,0x00000000cfd80000)
 Metaspace       used 101198K, committed 102656K, reserved 1179648K
  class space    used 9572K, committed 10240K, reserved 1048576K
}
Event: 30344.962 GC heap before
{Heap before GC invocations=32907 (full 623):
 PSYoungGen      total 2560K, used 864K [0x00000000eab00000, 0x00000000eaf00000, 0x0000000100000000)
  eden space 1536K, 0% used [0x00000000eab00000,0x00000000eab00000,0x00000000eac80000)
  from space 1024K, 84% used [0x00000000eae00000,0x00000000eaed8000,0x00000000eaf00000)
  to   space 1024K, 0% used [0x00000000ead00000,0x00000000ead00000,0x00000000eae00000)
 ParOldGen       total 259584K, used 259551K [0x00000000c0000000, 0x00000000cfd80000, 0x00000000eab00000)
  object space 259584K, 99% used [0x00000000c0000000,0x00000000cfd77ce8,0x00000000cfd80000)
 Metaspace       used 101198K, committed 102656K, reserved 1179648K
  class space    used 9572K, committed 10240K, reserved 1048576K
}

Dll operation events (11 events):
Event: 0.014 Loaded shared library c:\Users\longnh247\.vscode\extensions\redhat.java-1.25.1-win32-x64\jre\17.0.9-win32-x86_64\bin\java.dll
Event: 0.265 Loaded shared library c:\Users\longnh247\.vscode\extensions\redhat.java-1.25.1-win32-x64\jre\17.0.9-win32-x86_64\bin\zip.dll
Event: 0.270 Loaded shared library C:\Users\longnh247\.vscode\extensions\redhat.java-1.25.1-win32-x64\jre\17.0.9-win32-x86_64\bin\instrument.dll
Event: 0.291 Loaded shared library C:\Users\longnh247\.vscode\extensions\redhat.java-1.25.1-win32-x64\jre\17.0.9-win32-x86_64\bin\net.dll
Event: 0.294 Loaded shared library C:\Users\longnh247\.vscode\extensions\redhat.java-1.25.1-win32-x64\jre\17.0.9-win32-x86_64\bin\nio.dll
Event: 0.306 Loaded shared library C:\Users\longnh247\.vscode\extensions\redhat.java-1.25.1-win32-x64\jre\17.0.9-win32-x86_64\bin\zip.dll
Event: 0.334 Loaded shared library C:\Users\longnh247\.vscode\extensions\redhat.java-1.25.1-win32-x64\jre\17.0.9-win32-x86_64\bin\jimage.dll
Event: 0.445 Loaded shared library c:\Users\longnh247\.vscode\extensions\redhat.java-1.25.1-win32-x64\jre\17.0.9-win32-x86_64\bin\verify.dll
Event: 5.382 Loaded shared library C:\Users\longnh247\AppData\Roaming\Code\User\globalStorage\redhat.java\1.25.1\config_win\org.eclipse.equinox.launcher\org.eclipse.equinox.launcher.win32.win32.x86_64_1.2.800.v20231003-1442\eclipse_11802.dll
Event: 23.524 Loaded shared library C:\Users\longnh247\AppData\Local\Temp\jna-141560127\jna13150138943556413171.dll
Event: 50.701 Loaded shared library C:\Users\longnh247\.vscode\extensions\redhat.java-1.25.1-win32-x64\jre\17.0.9-win32-x86_64\bin\sunmscapi.dll

Deoptimization events (20 events):
Event: 30344.284 Thread 0x000001cce7ea40a0 Uncommon trap: trap_request=0xffffff45 fr.pc=0x000001ccd6f4488c relative=0x000000000000086c
Event: 30344.284 Thread 0x000001cce7ea40a0 Uncommon trap: reason=unstable_if action=reinterpret pc=0x000001ccd6f4488c method=org.eclipse.jdt.internal.compiler.ast.CastExpression.resolveType(Lorg/eclipse/jdt/internal/compiler/lookup/BlockScope;)Lorg/eclipse/jdt/internal/compiler/lookup/TypeBinding;
Event: 30344.284 Thread 0x000001cce7ea40a0 DEOPT PACKING pc=0x000001ccd6f4488c sp=0x000000a4e67feb90
Event: 30344.284 Thread 0x000001cce7ea40a0 DEOPT UNPACKING pc=0x000001ccd51366a3 sp=0x000000a4e67feb38 mode 2
Event: 30344.285 Thread 0x000001cce7ea40a0 Uncommon trap: trap_request=0xffffffde fr.pc=0x000001ccd77f921c relative=0x00000000000000fc
Event: 30344.285 Thread 0x000001cce7ea40a0 Uncommon trap: reason=class_check action=maybe_recompile pc=0x000001ccd77f921c method=org.eclipse.jdt.internal.compiler.ast.CastExpression.analyseCode(Lorg/eclipse/jdt/internal/compiler/lookup/BlockScope;Lorg/eclipse/jdt/internal/compiler/flow/FlowContext
Event: 30344.285 Thread 0x000001cce7ea40a0 DEOPT PACKING pc=0x000001ccd77f921c sp=0x000000a4e67fedc0
Event: 30344.285 Thread 0x000001cce7ea40a0 DEOPT UNPACKING pc=0x000001ccd51366a3 sp=0x000000a4e67fed50 mode 2
Event: 30344.288 Thread 0x000001cce7ea40a0 Uncommon trap: trap_request=0xffffffde fr.pc=0x000001ccd71de540 relative=0x00000000000026c0
Event: 30344.288 Thread 0x000001cce7ea40a0 Uncommon trap: reason=class_check action=maybe_recompile pc=0x000001ccd71de540 method=org.eclipse.jdt.internal.compiler.ast.Block.branchChainTo(Lorg/eclipse/jdt/internal/compiler/codegen/BranchLabel;)V @ 20 c2
Event: 30344.288 Thread 0x000001cce7ea40a0 DEOPT PACKING pc=0x000001ccd71de540 sp=0x000000a4e67feee0
Event: 30344.288 Thread 0x000001cce7ea40a0 DEOPT UNPACKING pc=0x000001ccd51366a3 sp=0x000000a4e67fee40 mode 2
Event: 30344.458 Thread 0x000001cce7ea40a0 Uncommon trap: trap_request=0xffffffde fr.pc=0x000001ccd71de540 relative=0x00000000000026c0
Event: 30344.458 Thread 0x000001cce7ea40a0 Uncommon trap: reason=class_check action=maybe_recompile pc=0x000001ccd71de540 method=org.eclipse.jdt.internal.compiler.ast.Block.branchChainTo(Lorg/eclipse/jdt/internal/compiler/codegen/BranchLabel;)V @ 20 c2
Event: 30344.458 Thread 0x000001cce7ea40a0 DEOPT PACKING pc=0x000001ccd71de540 sp=0x000000a4e67feee0
Event: 30344.458 Thread 0x000001cce7ea40a0 DEOPT UNPACKING pc=0x000001ccd51366a3 sp=0x000000a4e67fee40 mode 2
Event: 30344.657 Thread 0x000001cce4eafbc0 Uncommon trap: trap_request=0xffffff45 fr.pc=0x000001ccd66bce7c relative=0x000000000000035c
Event: 30344.657 Thread 0x000001cce4eafbc0 Uncommon trap: reason=unstable_if action=reinterpret pc=0x000001ccd66bce7c method=org.eclipse.jdt.internal.core.search.indexing.IndexManager.lambda$1(Lorg/eclipse/core/runtime/IPath;Lorg/eclipse/jdt/internal/core/search/processing/IJob;)Z @ 20 c2
Event: 30344.657 Thread 0x000001cce4eafbc0 DEOPT PACKING pc=0x000001ccd66bce7c sp=0x000000a4e69ff320
Event: 30344.657 Thread 0x000001cce4eafbc0 DEOPT UNPACKING pc=0x000001ccd51366a3 sp=0x000000a4e69ff258 mode 2

Classes unloaded (20 events):
Event: 19646.674 Thread 0x000001cccaf941e0 Unloading class 0x0000000100a00400 'jdk/internal/reflect/GeneratedSerializationConstructorAccessor109'
Event: 19646.674 Thread 0x000001cccaf941e0 Unloading class 0x00000001001ac400 'jdk/internal/reflect/GeneratedSerializationConstructorAccessor108'
Event: 19646.674 Thread 0x000001cccaf941e0 Unloading class 0x00000001007bd000 'jdk/internal/reflect/GeneratedSerializationConstructorAccessor107'
Event: 19646.674 Thread 0x000001cccaf941e0 Unloading class 0x00000001007ae000 'jdk/internal/reflect/GeneratedSerializationConstructorAccessor106'
Event: 19646.674 Thread 0x000001cccaf941e0 Unloading class 0x000000010070fc00 'jdk/internal/reflect/GeneratedSerializationConstructorAccessor105'
Event: 19646.674 Thread 0x000001cccaf941e0 Unloading class 0x00000001006f1400 'jdk/internal/reflect/GeneratedSerializationConstructorAccessor104'
Event: 19646.674 Thread 0x000001cccaf941e0 Unloading class 0x00000001006d8c00 'jdk/internal/reflect/GeneratedMethodAccessor125'
Event: 19646.674 Thread 0x000001cccaf941e0 Unloading class 0x00000001006d8000 'jdk/internal/reflect/GeneratedMethodAccessor124'
Event: 19646.674 Thread 0x000001cccaf941e0 Unloading class 0x00000001006c9000 'jdk/internal/reflect/GeneratedSerializationConstructorAccessor103'
Event: 19646.674 Thread 0x000001cccaf941e0 Unloading class 0x000000010067e000 'jdk/internal/reflect/GeneratedSerializationConstructorAccessor102'
Event: 19646.674 Thread 0x000001cccaf941e0 Unloading class 0x00000001009d2400 'jdk/internal/reflect/GeneratedSerializationConstructorAccessor101'
Event: 19646.674 Thread 0x000001cccaf941e0 Unloading class 0x000000010038a000 'jdk/internal/reflect/GeneratedSerializationConstructorAccessor100'
Event: 19646.674 Thread 0x000001cccaf941e0 Unloading class 0x0000000100312000 'jdk/internal/reflect/GeneratedSerializationConstructorAccessor99'
Event: 19646.674 Thread 0x000001cccaf941e0 Unloading class 0x0000000100310c00 'jdk/internal/reflect/GeneratedSerializationConstructorAccessor98'
Event: 19646.674 Thread 0x000001cccaf941e0 Unloading class 0x000000010030f800 'jdk/internal/reflect/GeneratedSerializationConstructorAccessor97'
Event: 19646.674 Thread 0x000001cccaf941e0 Unloading class 0x000000010030ec00 'jdk/internal/reflect/GeneratedSerializationConstructorAccessor96'
Event: 19646.674 Thread 0x000001cccaf941e0 Unloading class 0x00000001009e8c00 'jdk/internal/reflect/GeneratedSerializationConstructorAccessor95'
Event: 19646.674 Thread 0x000001cccaf941e0 Unloading class 0x00000001009e8400 'jdk/internal/reflect/GeneratedSerializationConstructorAccessor94'
Event: 19646.674 Thread 0x000001cccaf941e0 Unloading class 0x00000001009d9c00 'jdk/internal/reflect/GeneratedSerializationConstructorAccessor93'
Event: 19646.674 Thread 0x000001cccaf941e0 Unloading class 0x00000001009e4000 'jdk/internal/reflect/GeneratedSerializationConstructorAccessor92'

Classes redefined (0 events):
No events

Internal exceptions (20 events):
Event: 17441.989 Thread 0x000001cce4eafbc0 Exception <a 'sun/nio/fs/WindowsException'{0x00000000eb002b80}> (0x00000000eb002b80) 
thrown [s\src\hotspot\share\prims\jni.cpp, line 516]
Event: 18365.503 Thread 0x000001cce7ea1820 Exception <a 'sun/nio/fs/WindowsException'{0x00000000eacc2460}> (0x00000000eacc2460) 
thrown [s\src\hotspot\share\prims\jni.cpp, line 516]
Event: 18365.504 Thread 0x000001cce7ea1820 Exception <a 'sun/nio/fs/WindowsException'{0x00000000eacc57a0}> (0x00000000eacc57a0) 
thrown [s\src\hotspot\share\prims\jni.cpp, line 516]
Event: 18365.504 Thread 0x000001cce7ea1820 Exception <a 'sun/nio/fs/WindowsException'{0x00000000eacc8630}> (0x00000000eacc8630) 
thrown [s\src\hotspot\share\prims\jni.cpp, line 516]
Event: 18365.505 Thread 0x000001cce7ea1820 Exception <a 'sun/nio/fs/WindowsException'{0x00000000eaccb7e8}> (0x00000000eaccb7e8) 
thrown [s\src\hotspot\share\prims\jni.cpp, line 516]
Event: 18365.506 Thread 0x000001cce7ea1820 Exception <a 'sun/nio/fs/WindowsException'{0x00000000eacceab8}> (0x00000000eacceab8) 
thrown [s\src\hotspot\share\prims\jni.cpp, line 516]
Event: 18365.507 Thread 0x000001cce7ea1820 Exception <a 'sun/nio/fs/WindowsException'{0x00000000eace80d0}> (0x00000000eace80d0) 
thrown [s\src\hotspot\share\prims\jni.cpp, line 516]
Event: 18365.507 Thread 0x000001cce7ea1820 Exception <a 'sun/nio/fs/WindowsException'{0x00000000eaceacc8}> (0x00000000eaceacc8) 
thrown [s\src\hotspot\share\prims\jni.cpp, line 516]
Event: 29320.910 Thread 0x000001cce5233d00 Exception <a 'java/lang/NoSuchMethodError'{0x00000000eb1d2868}: static Lorg/eclipse/m2e/core/internal/lifecyclemapping/model/PluginExecutionMetadata;.<clinit>()V> (0x00000000eb1d2868) 
thrown [s\src\hotspot\share\prims\jni.cpp, line 1107]
Event: 29320.913 Thread 0x000001cce5233d00 Exception <a 'java/lang/NoSuchMethodError'{0x00000000eb1f6018}: static Lorg/eclipse/m2e/core/internal/lifecyclemapping/model/PluginExecutionFilter;.<clinit>()V> (0x00000000eb1f6018) 
thrown [s\src\hotspot\share\prims\jni.cpp, line 1107]
Event: 29320.915 Thread 0x000001cce5233d00 Exception <a 'java/lang/NoSuchMethodError'{0x00000000eb2118e0}: static Lorg/eclipse/m2e/core/internal/project/registry/MavenProjectFacade$MavenProjectConfiguration;.<clinit>()V> (0x00000000eb2118e0) 
thrown [s\src\hotspot\share\prims\jni.cpp, line 1107]
Event: 29320.917 Thread 0x000001cce5233d00 Exception <a 'java/lang/NoSuchMethodError'{0x00000000eb22cf88}: static [J.<clinit>()V> (0x00000000eb22cf88) 
thrown [s\src\hotspot\share\prims\jni.cpp, line 1107]
Event: 29694.747 Thread 0x000001cce7ea1820 Exception <a 'java/lang/NoSuchMethodError'{0x00000000eb1dd4f8}: static Lorg/eclipse/m2e/core/internal/lifecyclemapping/model/PluginExecutionMetadata;.<clinit>()V> (0x00000000eb1dd4f8) 
thrown [s\src\hotspot\share\prims\jni.cpp, line 1107]
Event: 29694.749 Thread 0x000001cce7ea1820 Exception <a 'java/lang/NoSuchMethodError'{0x00000000eb1ff028}: static Lorg/eclipse/m2e/core/internal/lifecyclemapping/model/PluginExecutionFilter;.<clinit>()V> (0x00000000eb1ff028) 
thrown [s\src\hotspot\share\prims\jni.cpp, line 1107]
Event: 29694.750 Thread 0x000001cce7ea1820 Exception <a 'java/lang/NoSuchMethodError'{0x00000000eb219338}: static Lorg/eclipse/m2e/core/internal/project/registry/MavenProjectFacade$MavenProjectConfiguration;.<clinit>()V> (0x00000000eb219338) 
thrown [s\src\hotspot\share\prims\jni.cpp, line 1107]
Event: 29694.751 Thread 0x000001cce7ea1820 Exception <a 'java/lang/NoSuchMethodError'{0x00000000eb233510}: static [J.<clinit>()V> (0x00000000eb233510) 
thrown [s\src\hotspot\share\prims\jni.cpp, line 1107]
Event: 30343.060 Thread 0x000001cce4eb05e0 Implicit null exception at 0x000001ccd6f9bf54 to 0x000001ccd6f9c0e4
Event: 30343.837 Thread 0x000001cce7ea40a0 Implicit null exception at 0x000001ccd5f94f44 to 0x000001ccd5f973a8
Event: 30343.844 Thread 0x000001cce7ea40a0 Implicit null exception at 0x000001ccd77ebc5d to 0x000001ccd77ec7fc
Event: 30344.636 Thread 0x000001cce4eafbc0 Exception <a 'sun/nio/fs/WindowsException'{0x00000000eacac128}> (0x00000000eacac128) 
thrown [s\src\hotspot\share\prims\jni.cpp, line 516]

VM Operations (20 events):
Event: 30344.712 Executing VM operation: ParallelGCFailedAllocation done
Event: 30344.725 Executing VM operation: ParallelGCFailedAllocation
Event: 30344.732 Executing VM operation: ParallelGCFailedAllocation done
Event: 30344.762 Executing VM operation: ParallelGCFailedAllocation
Event: 30344.770 Executing VM operation: ParallelGCFailedAllocation done
Event: 30344.785 Executing VM operation: ParallelGCFailedAllocation
Event: 30344.791 Executing VM operation: ParallelGCFailedAllocation done
Event: 30344.826 Executing VM operation: ParallelGCFailedAllocation
Event: 30344.833 Executing VM operation: ParallelGCFailedAllocation done
Event: 30344.837 Executing VM operation: ParallelGCFailedAllocation
Event: 30344.842 Executing VM operation: ParallelGCFailedAllocation done
Event: 30344.845 Executing VM operation: ParallelGCFailedAllocation
Event: 30344.848 Executing VM operation: ParallelGCFailedAllocation done
Event: 30344.858 Executing VM operation: ParallelGCFailedAllocation
Event: 30344.861 Executing VM operation: ParallelGCFailedAllocation done
Event: 30344.880 Executing VM operation: ParallelGCFailedAllocation
Event: 30344.885 Executing VM operation: ParallelGCFailedAllocation done
Event: 30344.924 Executing VM operation: ParallelGCFailedAllocation
Event: 30344.929 Executing VM operation: ParallelGCFailedAllocation done
Event: 30344.956 Executing VM operation: ParallelGCFailedAllocation

Events (20 events):
Event: 29694.729 Thread 0x000001cce7e9ea90 Thread exited: 0x000001cce7e9ea90
Event: 29746.393 Thread 0x000001cce4eae780 Thread added: 0x000001cce4eae780
Event: 29839.360 Thread 0x000001cce4eae780 Thread exited: 0x000001cce4eae780
Event: 29954.127 Thread 0x000001cce4eb05e0 Thread added: 0x000001cce4eb05e0
Event: 30026.113 Thread 0x000001cce7ea40a0 Thread exited: 0x000001cce7ea40a0
Event: 30044.834 Thread 0x000001cce4eae780 Thread added: 0x000001cce4eae780
Event: 30044.834 Thread 0x000001cce4eb00d0 Thread added: 0x000001cce4eb00d0
Event: 30044.834 Thread 0x000001cce7ea40a0 Thread added: 0x000001cce7ea40a0
Event: 30044.835 Thread 0x000001cce4eae780 Thread exited: 0x000001cce4eae780
Event: 30044.835 Thread 0x000001cce4eb00d0 Thread exited: 0x000001cce4eb00d0
Event: 30044.836 Thread 0x000001cce7ea40a0 Thread exited: 0x000001cce7ea40a0
Event: 30260.390 Thread 0x000001cce7ea40a0 Thread added: 0x000001cce7ea40a0
Event: 30322.932 Thread 0x000001cce7ea40a0 Thread exited: 0x000001cce7ea40a0
Event: 30341.617 Thread 0x000001cce7e9ea90 Thread added: 0x000001cce7e9ea90
Event: 30341.681 loading class jdk/internal/module/IllegalAccessLogger
Event: 30341.681 loading class jdk/internal/module/IllegalAccessLogger done
Event: 30341.681 Thread 0x000001cce7ea40a0 Thread added: 0x000001cce7ea40a0
Event: 30341.912 Thread 0x000001cce7ea40a0 Thread exited: 0x000001cce7ea40a0
Event: 30343.808 Thread 0x000001cce7ea40a0 Thread added: 0x000001cce7ea40a0
Event: 30344.484 Thread 0x000001cce7ea40a0 Thread exited: 0x000001cce7ea40a0


Dynamic libraries:
0x00007ff777a30000 - 0x00007ff777a3e000 	c:\Users\longnh247\.vscode\extensions\redhat.java-1.25.1-win32-x64\jre\17.0.9-win32-x86_64\bin\java.exe
0x00007ffbacb10000 - 0x00007ffbacd08000 	C:\Windows\SYSTEM32\ntdll.dll
0x00007ffbab550000 - 0x00007ffbab60d000 	C:\Windows\System32\KERNEL32.DLL
0x00007ffbaa340000 - 0x00007ffbaa636000 	C:\Windows\System32\KERNELBASE.dll
0x00007ffbaa1f0000 - 0x00007ffbaa2f0000 	C:\Windows\System32\ucrtbase.dll
0x00007ffb9a340000 - 0x00007ffb9a357000 	c:\Users\longnh247\.vscode\extensions\redhat.java-1.25.1-win32-x64\jre\17.0.9-win32-x86_64\bin\jli.dll
0x00007ffbabc50000 - 0x00007ffbabdee000 	C:\Windows\System32\USER32.dll
0x00007ffbaaa00000 - 0x00007ffbaaa22000 	C:\Windows\System32\win32u.dll
0x00007ffbab820000 - 0x00007ffbab84c000 	C:\Windows\System32\GDI32.dll
0x00007ffbaa8b0000 - 0x00007ffbaa9ca000 	C:\Windows\System32\gdi32full.dll
0x00007ffbaa640000 - 0x00007ffbaa6dd000 	C:\Windows\System32\msvcp_win.dll
0x00007ffb93d00000 - 0x00007ffb93d1b000 	c:\Users\longnh247\.vscode\extensions\redhat.java-1.25.1-win32-x64\jre\17.0.9-win32-x86_64\bin\VCRUNTIME140.dll
0x00007ffb9e540000 - 0x00007ffb9e7da000 	C:\Windows\WinSxS\amd64_microsoft.windows.common-controls_6595b64144ccf1df_6.0.19041.3636_none_60b6a03d71f818d5\COMCTL32.dll
0x00007ffbab850000 - 0x00007ffbab8ee000 	C:\Windows\System32\msvcrt.dll
0x00007ffbabfe0000 - 0x00007ffbac010000 	C:\Windows\System32\IMM32.DLL
0x00007ffb9dab0000 - 0x00007ffb9dabc000 	c:\Users\longnh247\.vscode\extensions\redhat.java-1.25.1-win32-x64\jre\17.0.9-win32-x86_64\bin\vcruntime140_1.dll
0x00007ffb83460000 - 0x00007ffb834ed000 	c:\Users\longnh247\.vscode\extensions\redhat.java-1.25.1-win32-x64\jre\17.0.9-win32-x86_64\bin\msvcp140.dll
0x00007ffb63cd0000 - 0x00007ffb64931000 	c:\Users\longnh247\.vscode\extensions\redhat.java-1.25.1-win32-x64\jre\17.0.9-win32-x86_64\bin\server\jvm.dll
0x00007ffbab700000 - 0x00007ffbab7af000 	C:\Windows\System32\ADVAPI32.dll
0x00007ffbaae70000 - 0x00007ffbaaf0c000 	C:\Windows\System32\sechost.dll
0x00007ffbabdf0000 - 0x00007ffbabf16000 	C:\Windows\System32\RPCRT4.dll
0x00007ffba9750000 - 0x00007ffba979b000 	C:\Windows\SYSTEM32\POWRPROF.dll
0x00007ffb9d180000 - 0x00007ffb9d189000 	C:\Windows\SYSTEM32\WSOCK32.dll
0x00007ffbab7b0000 - 0x00007ffbab81b000 	C:\Windows\System32\WS2_32.dll
0x00007ffb9bbc0000 - 0x00007ffb9bbe7000 	C:\Windows\SYSTEM32\WINMM.dll
0x00007ffba22a0000 - 0x00007ffba22aa000 	C:\Windows\SYSTEM32\VERSION.dll
0x00007ffba9610000 - 0x00007ffba9622000 	C:\Windows\SYSTEM32\UMPDC.dll
0x00007ffba80b0000 - 0x00007ffba80c2000 	C:\Windows\SYSTEM32\kernel.appcore.dll
0x00007ffb9c980000 - 0x00007ffb9c98a000 	c:\Users\longnh247\.vscode\extensions\redhat.java-1.25.1-win32-x64\jre\17.0.9-win32-x86_64\bin\jimage.dll
0x00007ffb9b5f0000 - 0x00007ffb9b7d4000 	C:\Windows\SYSTEM32\DBGHELP.DLL
0x00007ffb93c00000 - 0x00007ffb93c34000 	C:\Windows\SYSTEM32\dbgcore.DLL
0x00007ffbaaa30000 - 0x00007ffbaaab2000 	C:\Windows\System32\bcryptPrimitives.dll
0x00007ffb9b000000 - 0x00007ffb9b00e000 	c:\Users\longnh247\.vscode\extensions\redhat.java-1.25.1-win32-x64\jre\17.0.9-win32-x86_64\bin\instrument.dll
0x00007ffb8c2a0000 - 0x00007ffb8c2c5000 	c:\Users\longnh247\.vscode\extensions\redhat.java-1.25.1-win32-x64\jre\17.0.9-win32-x86_64\bin\java.dll
0x00007ffb93430000 - 0x00007ffb93448000 	c:\Users\longnh247\.vscode\extensions\redhat.java-1.25.1-win32-x64\jre\17.0.9-win32-x86_64\bin\zip.dll
0x00007ffbac1e0000 - 0x00007ffbac924000 	C:\Windows\System32\SHELL32.dll
0x00007ffba82b0000 - 0x00007ffba8a4b000 	C:\Windows\SYSTEM32\windows.storage.dll
0x00007ffbab8f0000 - 0x00007ffbabc44000 	C:\Windows\System32\combase.dll
0x00007ffba9c30000 - 0x00007ffba9c5d000 	C:\Windows\SYSTEM32\Wldp.dll
0x00007ffbaca10000 - 0x00007ffbacabd000 	C:\Windows\System32\SHCORE.dll
0x00007ffbab420000 - 0x00007ffbab475000 	C:\Windows\System32\shlwapi.dll
0x00007ffbaa120000 - 0x00007ffbaa145000 	C:\Windows\SYSTEM32\profapi.dll
0x00007ffb931b0000 - 0x00007ffb931c9000 	C:\Users\longnh247\.vscode\extensions\redhat.java-1.25.1-win32-x64\jre\17.0.9-win32-x86_64\bin\net.dll
0x00007ffba0e50000 - 0x00007ffba0f5a000 	C:\Windows\SYSTEM32\WINHTTP.dll
0x00007ffba9990000 - 0x00007ffba99fa000 	C:\Windows\system32\mswsock.dll
0x00007ffb8f510000 - 0x00007ffb8f526000 	C:\Users\longnh247\.vscode\extensions\redhat.java-1.25.1-win32-x64\jre\17.0.9-win32-x86_64\bin\nio.dll
0x00007ffb9a1c0000 - 0x00007ffb9a1d0000 	c:\Users\longnh247\.vscode\extensions\redhat.java-1.25.1-win32-x64\jre\17.0.9-win32-x86_64\bin\verify.dll
0x00007ffb83360000 - 0x00007ffb8339e000 	C:\Users\longnh247\AppData\Roaming\Code\User\globalStorage\redhat.java\1.25.1\config_win\org.eclipse.equinox.launcher\org.eclipse.equinox.launcher.win32.win32.x86_64_1.2.800.v20231003-1442\eclipse_11802.dll
0x00007ffbaab70000 - 0x00007ffbaac9b000 	C:\Windows\System32\ole32.dll
0x00007ffba9b80000 - 0x00007ffba9b98000 	C:\Windows\SYSTEM32\CRYPTSP.dll
0x00007ffba9250000 - 0x00007ffba9284000 	C:\Windows\system32\rsaenh.dll
0x00007ffbaa9d0000 - 0x00007ffbaa9f7000 	C:\Windows\System32\bcrypt.dll
0x00007ffbaa0e0000 - 0x00007ffbaa10e000 	C:\Windows\SYSTEM32\USERENV.dll
0x00007ffba9ba0000 - 0x00007ffba9bac000 	C:\Windows\SYSTEM32\CRYPTBASE.dll
0x00007ffba9630000 - 0x00007ffba966b000 	C:\Windows\SYSTEM32\IPHLPAPI.DLL
0x00007ffbaaf10000 - 0x00007ffbaaf18000 	C:\Windows\System32\NSI.dll
0x00007ffba2310000 - 0x00007ffba2327000 	C:\Windows\SYSTEM32\dhcpcsvc6.DLL
0x00007ffba2450000 - 0x00007ffba246d000 	C:\Windows\SYSTEM32\dhcpcsvc.DLL
0x00007ffba9670000 - 0x00007ffba973a000 	C:\Windows\SYSTEM32\DNSAPI.dll
0x00007ffb8e7a0000 - 0x00007ffb8e7e5000 	C:\Users\longnh247\AppData\Local\Temp\jna-141560127\jna13150138943556413171.dll
0x00007ffbacac0000 - 0x00007ffbacac8000 	C:\Windows\System32\PSAPI.DLL
0x00007ffba4850000 - 0x00007ffba485e000 	C:\Users\longnh247\.vscode\extensions\redhat.java-1.25.1-win32-x64\jre\17.0.9-win32-x86_64\bin\sunmscapi.dll
0x00007ffbaa750000 - 0x00007ffbaa8ad000 	C:\Windows\System32\CRYPT32.dll
0x00007ffba9ca0000 - 0x00007ffba9cc7000 	C:\Windows\SYSTEM32\ncrypt.dll
0x00007ffba9c60000 - 0x00007ffba9c9b000 	C:\Windows\SYSTEM32\NTASN1.dll
0x00007ffba9390000 - 0x00007ffba93c3000 	C:\Windows\SYSTEM32\ntmarta.dll

dbghelp: loaded successfully - version: 4.0.5 - missing functions: none
symbol engine: initialized successfully - sym options: 0x614 - pdb path: .;c:\Users\longnh247\.vscode\extensions\redhat.java-1.25.1-win32-x64\jre\17.0.9-win32-x86_64\bin;C:\Windows\SYSTEM32;C:\Windows\WinSxS\amd64_microsoft.windows.common-controls_6595b64144ccf1df_6.0.19041.3636_none_60b6a03d71f818d5;c:\Users\longnh247\.vscode\extensions\redhat.java-1.25.1-win32-x64\jre\17.0.9-win32-x86_64\bin\server;C:\Users\longnh247\AppData\Roaming\Code\User\globalStorage\redhat.java\1.25.1\config_win\org.eclipse.equinox.launcher\org.eclipse.equinox.launcher.win32.win32.x86_64_1.2.800.v20231003-1442;C:\Users\longnh247\AppData\Local\Temp\jna-141560127

VM Arguments:
jvm_args: --add-modules=ALL-SYSTEM --add-opens=java.base/java.util=ALL-UNNAMED --add-opens=java.base/java.lang=ALL-UNNAMED --add-opens=java.base/sun.nio.fs=ALL-UNNAMED -Declipse.application=org.eclipse.jdt.ls.core.id1 -Dosgi.bundles.defaultStartLevel=4 -Declipse.product=org.eclipse.jdt.ls.core.product -Djava.import.generatesMetadataFilesAtProjectRoot=false -DDetectVMInstallationsJob.disabled=true -Dfile.encoding=utf8 -XX:+UseParallelGC -XX:GCTimeRatio=4 -XX:AdaptiveSizePolicyWeight=90 -Dsun.zip.disableMemoryMapping=true -Xmx1G -Xms100m -Xlog:disable -javaagent:c:\Users\longnh247\.vscode\extensions\redhat.java-1.25.1-win32-x64\lombok\lombok-1.18.30.jar -XX:+HeapDumpOnOutOfMemoryError -XX:HeapDumpPath=c:\Users\longnh247\AppData\Roaming\Code\User\workspaceStorage\15c84ef77ac8be54cde321d28f09492f\redhat.java -Daether.dependencyCollector.impl=bf 
java_command: c:\Users\longnh247\.vscode\extensions\redhat.java-1.25.1-win32-x64\server\plugins\org.eclipse.equinox.launcher_1.6.600.v20231106-1826.jar -configuration c:\Users\longnh247\AppData\Roaming\Code\User\globalStorage\redhat.java\1.25.1\config_win -data c:\Users\longnh247\AppData\Roaming\Code\User\workspaceStorage\15c84ef77ac8be54cde321d28f09492f\redhat.java\jdt_ws --stdio
java_class_path (initial): c:\Users\longnh247\.vscode\extensions\redhat.java-1.25.1-win32-x64\server\plugins\org.eclipse.equinox.launcher_1.6.600.v20231106-1826.jar
Launcher Type: SUN_STANDARD

[Global flags]
    uintx AdaptiveSizePolicyWeight                 = 90                                        {product} {command line}
     intx CICompilerCount                          = 3                                         {product} {ergonomic}
    uintx GCTimeRatio                              = 4                                         {product} {command line}
     bool HeapDumpOnOutOfMemoryError               = true                                   {manageable} {command line}
    ccstr HeapDumpPath                             = c:\Users\longnh247\AppData\Roaming\Code\User\workspaceStorage\15c84ef77ac8be54cde321d28f09492f\redhat.java         {manageable} {command line}
   size_t InitialHeapSize                          = 104857600                                 {product} {command line}
   size_t MaxHeapSize                              = 1073741824                                {product} {command line}
   size_t MaxNewSize                               = 357564416                                 {product} {ergonomic}
   size_t MinHeapDeltaBytes                        = 524288                                    {product} {ergonomic}
   size_t MinHeapSize                              = 104857600                                 {product} {command line}
   size_t NewSize                                  = 34603008                                  {product} {ergonomic}
    uintx NonNMethodCodeHeapSize                   = 5832780                                {pd product} {ergonomic}
    uintx NonProfiledCodeHeapSize                  = 122912730                              {pd product} {ergonomic}
   size_t OldSize                                  = 70254592                                  {product} {ergonomic}
    uintx ProfiledCodeHeapSize                     = 122912730                              {pd product} {ergonomic}
    uintx ReservedCodeCacheSize                    = 251658240                              {pd product} {ergonomic}
     bool SegmentedCodeCache                       = true                                      {product} {ergonomic}
   size_t SoftMaxHeapSize                          = 1073741824                             {manageable} {ergonomic}
     bool UseCompressedClassPointers               = true                           {product lp64_product} {ergonomic}
     bool UseCompressedOops                        = true                           {product lp64_product} {ergonomic}
     bool UseLargePagesIndividualAllocation        = false                                  {pd product} {ergonomic}
     bool UseParallelGC                            = true                                      {product} {command line}

Logging:
Log output configuration:
 #0: stdout all=off uptime,level,tags
 #1: stderr all=off uptime,level,tags

Environment Variables:
JAVA_HOME=C:\Program Files\Java\jdk-17
PATH=C:\Program Files\Common Files\Oracle\Java\javapath;C:\Windows\system32;C:\Windows;C:\Windows\System32\Wbem;C:\Windows\System32\WindowsPowerShell\v1.0\;C:\Windows\System32\OpenSSH\;C:\Program Files\Java\jdk-17\bin;C:\Program Files (x86)\Microsoft SQL Server\160\Tools\Binn\;C:\Program Files\Microsoft SQL Server\160\Tools\Binn\;C:\Program Files\Microsoft SQL Server\Client SDK\ODBC\170\Tools\Binn\;C:\Program Files\Microsoft SQL Server\160\DTS\Binn\;C:\Program Files (x86)\Microsoft SQL Server\160\DTS\Binn\;C:\Program Files\Azure Data Studio\bin;C:\Program Files\Git\cmd;C:\Program Files\nodejs\;C:\Users\longnh247\AppData\Local\Microsoft\WindowsApps;;C:\Program Files\Azure Data Studio\bin;C:\Users\longnh247\AppData\Local\Programs\Microsoft VS Code\bin;C:\Users\longnh247\AppData\Roaming\npm
USERNAME=longnh247
OS=Windows_NT
PROCESSOR_IDENTIFIER=Intel64 Family 6 Model 69 Stepping 1, GenuineIntel
TMP=C:\Users\LONGNH~1\AppData\Local\Temp
TEMP=C:\Users\LONGNH~1\AppData\Local\Temp



Periodic native trim disabled


---------------  S Y S T E M  ---------------

OS:
 Windows 10 , 64 bit Build 19041 (10.0.19041.3636)
OS uptime: 6 days 6:49 hours

CPU: total 4 (initial active 4) (2 cores per cpu, 2 threads per core) family 6 model 69 stepping 1 microcode 0x25, cx8, cmov, fxsr, ht, mmx, sse, sse2, sse3, ssse3, sse4.1, sse4.2, popcnt, lzcnt, tsc, tscinvbit, avx, avx2, aes, erms, clmul, bmi1, bmi2, fma, vzeroupper, clflush
Processor Information for all 4 processors :
  Max Mhz: 2401, Current Mhz: 1700, Mhz Limit: 1680

Memory: 4k page, system-wide physical 8075M (2123M free)
TotalPageFile size 12939M (AvailPageFile size 4104M)
current process WorkingSet (physical memory assigned to process): 560M, peak: 621M
current process commit charge ("private bytes"): 610M, peak: 688M

vm_info: OpenJDK 64-Bit Server VM (17.0.9+9) for windows-amd64 JRE (17.0.9+9), built on Oct 26 2023 14:01:42 by "admin" with MS VC++ 16.10 / 16.11 (VS2019)

END.
